=== DX12 Engine クラッシュレポート ===
time    : 2026-07-10 14:41:07
version : v0.9.8
exe     : C:\Users\k023g\Documents\LD4_1\TD4\02\dx12-engine-v0.8.1\DX12Engine.exe
thread  : 20080
except  : 0xC0000005 ACCESS_VIOLATION
address : 0x00007ff64afa6a07
detail  : アドレス 0x0000021d78cea260 への読み取りで違反

--- スタックトレース(クラッシュスレッド) ---
  #00 DX12Engine.exe +0xd6a07 (pc=0x00007ff64afa6a07)
  #01 DX12Engine.exe +0xd8c24 (pc=0x00007ff64afa8c24)
  #02 DX12Engine.exe +0x44e42 (pc=0x00007ff64af14e42)
  #03 DX12Engine.exe +0x48944 (pc=0x00007ff64af18944)
  #04 DX12Engine.exe +0x44caf (pc=0x00007ff64af14caf)
  #05 DX12Engine.exe +0x479c6 (pc=0x00007ff64af179c6)
  #06 DX12Engine.exe +0x1d3d9 (pc=0x00007ff64aeed3d9)
  #07 DX12Engine.exe +0x79cfc6 (pc=0x00007ff64b66cfc6)
  #08 KERNEL32.DLL!BaseThreadInitThunk +0x17
  #09 ntdll.dll!RtlUserThreadStart +0x2c

ミニダンプ: dx12_crash.dmp (Visual Studio で開くと該当行へ飛べる)
直前の実行ログ: dx12_engine.log
